{"TimeCreated":"2026-07-14T06:01:00.0000000Z","Computer":"MOTW-LAB-01","Provider":"Microsoft-Windows-Sysmon","Channel":"Microsoft-Windows-Sysmon/Operational","EventID":15,"RecordID":10001,"RuleName":"MOTW-DirectIP","ProcessGuid":"{11111111-2222-3333-4444-000000010001}","ProcessId":4242,"Image":"C:\\Windows\\System32\\WindowsPowerShell\\v1.0\\powershell.exe","TargetFilename":"C:\\Users\\analyst\\Downloads\\security_update.js:Zone.Identifier","Hash":"SHA256=AAAAAAAAAAAAAAAAAAAAAAAAAAAAAAAAAAAAAAAAAAAAAAAAAAAAAAAAAAAAAAAA","Contents":"[ZoneTransfer]\r\nZoneId=3\r\nReferrerUrl=http://203.0.113.10/landing/index.html\r\nHostUrl=http://203.0.113.10/files/security_update.js","scenario":"DirectIP","expected_label":"positive"}
{"TimeCreated":"2026-07-14T06:02:00.0000000Z","Computer":"MOTW-LAB-01","Provider":"Microsoft-Windows-Sysmon","Channel":"Microsoft-Windows-Sysmon/Operational","EventID":15,"RecordID":10002,"RuleName":"MOTW-SuspiciousTld","ProcessGuid":"{11111111-2222-3333-4444-000000010002}","ProcessId":4242,"Image":"C:\\Program Files\\Google\\Chrome\\Application\\chrome.exe","TargetFilename":"C:\\Users\\analyst\\Downloads\\security_update.wsf:Zone.Identifier","Hash":"SHA256=AAAAAAAAAAAAAAAAAAAAAAAAAAAAAAAAAAAAAAAAAAAAAAAAAAAAAAAAAAAAAAAA","Contents":"[ZoneTransfer]\r\nZoneId=3\r\nReferrerUrl=https://delivery-check.xyz/landing\r\nHostUrl=https://delivery-check.xyz/files/security_update.wsf","scenario":"SuspiciousTld","expected_label":"positive"}
{"TimeCreated":"2026-07-14T06:03:00.0000000Z","Computer":"MOTW-LAB-01","Provider":"Microsoft-Windows-Sysmon","Channel":"Microsoft-Windows-Sysmon/Operational","EventID":15,"RecordID":10003,"RuleName":"MOTW-FileSharing","ProcessGuid":"{11111111-2222-3333-4444-000000010003}","ProcessId":4242,"Image":"C:\\Program Files\\Microsoft\\Edge\\Application\\msedge.exe","TargetFilename":"C:\\Users\\analyst\\Downloads\\project_document.iso:Zone.Identifier","Hash":"SHA256=AAAAAAAAAAAAAAAAAAAAAAAAAAAAAAAAAAAAAAAAAAAAAAAAAAAAAAAAAAAAAAAA","Contents":"[ZoneTransfer]\r\nZoneId=3\r\nReferrerUrl=https://discord.com/channels/lab\r\nHostUrl=https://cdn.discordapp.com/attachments/lab/project_document.iso","scenario":"FileSharing","expected_label":"positive"}
{"TimeCreated":"2026-07-14T06:04:00.0000000Z","Computer":"MOTW-LAB-01","Provider":"Microsoft-Windows-Sysmon","Channel":"Microsoft-Windows-Sysmon/Operational","EventID":15,"RecordID":10004,"RuleName":"MOTW-DoubleExtension","ProcessGuid":"{11111111-2222-3333-4444-000000010004}","ProcessId":4242,"Image":"C:\\Program Files\\Microsoft\\Edge\\Application\\msedge.exe","TargetFilename":"C:\\Users\\analyst\\Downloads\\Quarterly_Report.pdf.cmd:Zone.Identifier","Hash":"SHA256=AAAAAAAAAAAAAAAAAAAAAAAAAAAAAAAAAAAAAAAAAAAAAAAAAAAAAAAAAAAAAAAA","Contents":"[ZoneTransfer]\r\nZoneId=3\r\nReferrerUrl=https://files.example.test/share\r\nHostUrl=https://files.example.test/Quarterly_Report.pdf.cmd","scenario":"DoubleExtension","expected_label":"positive"}
{"TimeCreated":"2026-07-14T06:05:00.0000000Z","Computer":"MOTW-LAB-01","Provider":"Microsoft-Windows-Sysmon","Channel":"Microsoft-Windows-Sysmon/Operational","EventID":15,"RecordID":10005,"RuleName":"MOTW-ZoneDowngrade","ProcessGuid":"{11111111-2222-3333-4444-000000010005}","ProcessId":4242,"Image":"C:\\Windows\\System32\\WindowsPowerShell\\v1.0\\powershell.exe","TargetFilename":"C:\\Users\\analyst\\Downloads\\invoice.docx.js:Zone.Identifier","Hash":"SHA256=AAAAAAAAAAAAAAAAAAAAAAAAAAAAAAAAAAAAAAAAAAAAAAAAAAAAAAAAAAAAAAAA","Contents":"[ZoneTransfer]\r\nZoneId=0\r\nReferrerUrl=https://delivery-check.xyz/landing\r\nHostUrl=https://delivery-check.xyz/files/invoice.docx.js","scenario":"ZoneDowngrade","expected_label":"positive"}
{"TimeCreated":"2026-07-14T06:06:00.0000000Z","Computer":"MOTW-LAB-01","Provider":"Microsoft-Windows-Sysmon","Channel":"Microsoft-Windows-Sysmon/Operational","EventID":15,"RecordID":10006,"RuleName":"MOTW-BenignVendor","ProcessGuid":"{11111111-2222-3333-4444-000000010006}","ProcessId":4242,"Image":"C:\\Program Files\\Microsoft\\Edge\\Application\\msedge.exe","TargetFilename":"C:\\Users\\analyst\\Downloads\\TeamsSetup.exe:Zone.Identifier","Hash":"SHA256=AAAAAAAAAAAAAAAAAAAAAAAAAAAAAAAAAAAAAAAAAAAAAAAAAAAAAAAAAAAAAAAA","Contents":"[ZoneTransfer]\r\nZoneId=3\r\nReferrerUrl=https://www.microsoft.com/\r\nHostUrl=https://download.microsoft.com/TeamsSetup.exe","scenario":"BenignVendor","expected_label":"negative"}
{"TimeCreated":"2026-07-14T06:07:00.0000000Z","Computer":"MOTW-LAB-01","Provider":"Microsoft-Windows-Sysmon","Channel":"Microsoft-Windows-Sysmon/Operational","EventID":15,"RecordID":10007,"RuleName":"MOTW-BenignDocument","ProcessGuid":"{11111111-2222-3333-4444-000000010007}","ProcessId":4242,"Image":"C:\\Program Files\\Microsoft\\Edge\\Application\\msedge.exe","TargetFilename":"C:\\Users\\analyst\\Downloads\\policy.pdf:Zone.Identifier","Hash":"SHA256=AAAAAAAAAAAAAAAAAAAAAAAAAAAAAAAAAAAAAAAAAAAAAAAAAAAAAAAAAAAAAAAA","Contents":"[ZoneTransfer]\r\nZoneId=2\r\nReferrerUrl=https://intranet.example.com/hr\r\nHostUrl=https://intranet.example.com/policy.pdf","scenario":"BenignDocument","expected_label":"negative"}
