{"TimeCreated":"2026-07-14T07:00:00.0000000Z","Computer":"MOTW-LAB-01","Provider":"Microsoft-Windows-Sysmon","Channel":"Microsoft-Windows-Sysmon/Operational","EventID":11,"RecordID":11001,"ProcessGuid":"{AAAA0000-0000-0000-0000-000000000001}","ProcessId":5000,"Image":"C:\\Program Files\\Microsoft\\Edge\\Application\\msedge.exe","TargetFilename":"C:\\Users\\analyst\\Downloads\\Invoice_2026.pdf.cmd","scenario":"MarkedExecution","expected_label":"positive"}
{"TimeCreated":"2026-07-14T07:00:01.0000000Z","Computer":"MOTW-LAB-01","Provider":"Microsoft-Windows-Sysmon","Channel":"Microsoft-Windows-Sysmon/Operational","EventID":15,"RecordID":11002,"ProcessGuid":"{AAAA0000-0000-0000-0000-000000000001}","ProcessId":5000,"Image":"C:\\Program Files\\Microsoft\\Edge\\Application\\msedge.exe","TargetFilename":"C:\\Users\\analyst\\Downloads\\Invoice_2026.pdf.cmd:Zone.Identifier","Hash":"SHA256=BBBBBBBBBBBBBBBBBBBBBBBBBBBBBBBBBBBBBBBBBBBBBBBBBBBBBBBBBBBBBBBB","Contents":"[ZoneTransfer]\r\nZoneId=3\r\nReferrerUrl=https://portal.example.test/invoices\r\nHostUrl=https://delivery-check.xyz/Invoice_2026.pdf.cmd","scenario":"MarkedExecution","expected_label":"positive"}
{"TimeCreated":"2026-07-14T07:00:12.0000000Z","Computer":"MOTW-LAB-01","Provider":"Microsoft-Windows-Sysmon","Channel":"Microsoft-Windows-Sysmon/Operational","EventID":1,"RecordID":11003,"ProcessGuid":"{BBBB0000-0000-0000-0000-000000000001}","ProcessId":5100,"Image":"C:\\Windows\\System32\\cmd.exe","CommandLine":"cmd.exe /d /c \"C:\\Users\\analyst\\Downloads\\Invoice_2026.pdf.cmd\"","ParentImage":"C:\\Windows\\explorer.exe","User":"LAB\\analyst","scenario":"MarkedExecution","expected_label":"positive"}
{"TimeCreated":"2026-07-14T07:00:20.0000000Z","Computer":"MOTW-LAB-01","Provider":"Microsoft-Windows-Sysmon","Channel":"Microsoft-Windows-Sysmon/Operational","EventID":15,"RecordID":11004,"ProcessGuid":"{CCCC0000-0000-0000-0000-000000000001}","ProcessId":5200,"Image":"C:\\Windows\\System32\\WindowsPowerShell\\v1.0\\powershell.exe","TargetFilename":"C:\\Users\\analyst\\Downloads\\Invoice_2026.pdf.cmd:Zone.Identifier","Hash":"SHA256=BBBBBBBBBBBBBBBBBBBBBBBBBBBBBBBBBBBBBBBBBBBBBBBBBBBBBBBBBBBBBBBB","Contents":"[ZoneTransfer]\r\nZoneId=0\r\nReferrerUrl=https://portal.example.test/invoices\r\nHostUrl=https://delivery-check.xyz/Invoice_2026.pdf.cmd","scenario":"ZoneDowngrade","expected_label":"positive"}
{"TimeCreated":"2026-07-14T07:00:30.0000000Z","Computer":"MOTW-LAB-01","Provider":"Microsoft-Windows-Sysmon","Channel":"Microsoft-Windows-Sysmon/Operational","EventID":11,"RecordID":11005,"ProcessGuid":"{DDDD0000-0000-0000-0000-000000000001}","ProcessId":5300,"Image":"C:\\Program Files\\Microsoft\\Edge\\Application\\msedge.exe","TargetFilename":"C:\\Users\\analyst\\Downloads\\Quarterly_Reports.zip","scenario":"ContainerInheritance","expected_label":"positive"}
{"TimeCreated":"2026-07-14T07:00:31.0000000Z","Computer":"MOTW-LAB-01","Provider":"Microsoft-Windows-Sysmon","Channel":"Microsoft-Windows-Sysmon/Operational","EventID":15,"RecordID":11006,"ProcessGuid":"{DDDD0000-0000-0000-0000-000000000001}","ProcessId":5300,"Image":"C:\\Program Files\\Microsoft\\Edge\\Application\\msedge.exe","TargetFilename":"C:\\Users\\analyst\\Downloads\\Quarterly_Reports.zip:Zone.Identifier","Hash":"SHA256=CCCCCCCCCCCCCCCCCCCCCCCCCCCCCCCCCCCCCCCCCCCCCCCCCCCCCCCCCCCCCCCC","Contents":"[ZoneTransfer]\r\nZoneId=3\r\nReferrerUrl=https://files.example.test/share\r\nHostUrl=https://cdn.example.test/Quarterly_Reports.zip","scenario":"ContainerInheritance","expected_label":"positive"}
{"TimeCreated":"2026-07-14T07:00:40.0000000Z","Computer":"MOTW-LAB-01","Provider":"Microsoft-Windows-Sysmon","Channel":"Microsoft-Windows-Sysmon/Operational","EventID":11,"RecordID":11007,"ProcessGuid":"{EEEE0000-0000-0000-0000-000000000001}","ProcessId":5400,"Image":"C:\\Windows\\System32\\WindowsPowerShell\\v1.0\\powershell.exe","TargetFilename":"C:\\Users\\analyst\\Downloads\\Quarterly_Reports\\Quarterly_Report.pdf.cmd","scenario":"ContainerInheritance","expected_label":"positive"}
{"TimeCreated":"2026-07-14T07:00:48.0000000Z","Computer":"MOTW-LAB-01","Provider":"Microsoft-Windows-Sysmon","Channel":"Microsoft-Windows-Sysmon/Operational","EventID":1,"RecordID":11008,"ProcessGuid":"{FFFF0000-0000-0000-0000-000000000001}","ProcessId":5500,"Image":"C:\\Windows\\System32\\cmd.exe","CommandLine":"cmd.exe /d /c \"C:\\Users\\analyst\\Downloads\\Quarterly_Reports\\Quarterly_Report.pdf.cmd\"","ParentImage":"C:\\Windows\\explorer.exe","User":"LAB\\analyst","scenario":"ContainerInheritance","expected_label":"positive"}
